android/app/build/outputs/mapping/release/seeds.txt
com.example.yukaapp.MainActivity
com.example.yukaapp.MainActivity: MainActivity()
...
io.flutter.embedding.engine.systemchannels.LifecycleChannel$AppLifecycleState: io.flutter.embedding.engine.systemchannels.LifecycleChannel$AppLifecycleState DETACHED
com.google.android.gms.internal.vision.zzjm: com.google.android.gms.internal.vision.zzjm zzj
com.google.android.gms.internal.mlkit_vision_barcode_bundled.zzs: com.google.android.gms.internal.mlkit_vision_barcode_bundled.zzs zzN
androidx.camera.camera2.internal.CaptureSession$State: androidx.camera.camera2.internal.CaptureSession$State GET_SURFACE
com.google.android.gms.internal.mlkit_vision_barcode_bundled.zzs: com.google.android.gms.internal.mlkit_vision_barcode_bundled.zzs zzeZ
com.google.android.gms.internal.mlkit_vision_barcode.zzpv: com.google.android.gms.internal.mlkit_vision_barcode.zzpv zzc
com.google.android.gms.internal.mlkit_vision_barcode_bundled.zziq: com.google.android.gms.internal.mlkit_vision_barcode_bundled.zzel zzf
com.google.android.gms.internal.mlkit_vision_barcode.zzuy: android.os.Parcelable$Creator CREATOR
com.google.android.gms.internal.mlkit_vision_barcode_bundled.zzv: long zzf
com.google.android.libraries.barhopper.RecognitionOptions: int CODE_93
com.google.android.gms.common.internal.zzj: android.os.Parcelable$Creator CREATOR
com.google.android.gms.internal.mlkit_vision_barcode_bundled.zziw: com.google.android.gms.internal.mlkit_vision_barcode_bundled.zziw zza
com.google.android.gms.internal.mlkit_vision_barcode_bundled.zzs: com.google.android.gms.internal.mlkit_vision_barcode_bundled.zzs zzho
com.google.android.gms.internal.mlkit_vision_barcode.zzpk: com.google.android.gms.internal.mlkit_vision_barcode.zzpk zzal
io.flutter.embedding.engine.systemchannels.PlatformChannel$HapticFeedbackType: java.lang.String encodedName
com.google.android.gms.internal.mlkit_vision_barcode.zzpk: com.google.android.gms.internal.mlkit_vision_barcode.zzpk zzaG
com.google.android.gms.internal.mlkit_vision_common.zziv: com.google.android.gms.internal.mlkit_vision_common.zziv zzcS
androidx.camera.core.impl.CameraInternal$State: androidx.camera.core.impl.CameraInternal$State[] $VALUES
com.google.android.gms.internal.mlkit_vision_barcode.zzpk: com.google.android.gms.internal.mlkit_vision_barcode.zzpk zzQ
com.google.android.gms.internal.mlkit_vision_barcode_bundled.zzs: com.google.android.gms.internal.mlkit_vision_barcode_bundled.zzs zzax
com.google.android.gms.internal.mlkit_vision_barcode_bundled.zzs: com.google.android.gms.internal.mlkit_vision_barcode_bundled.zzs zzbD
com.google.android.gms.internal.clearcut.zzge$zzs$zzc: com.google.android.gms.internal.clearcut.zzge$zzs$zzc zzbga
androidx.camera.camera2.internal.Camera2CameraImpl$InternalState: androidx.camera.camera2.internal.Camera2CameraImpl$InternalState RELEASED
io.flutter.view.AccessibilityBridge$Action: io.flutter.view.AccessibilityBridge$Action DISMISS
com.google.photos.vision.barhopper.zzl: int zzd
com.google.android.gms.internal.mlkit_vision_barcode_bundled.zzs: com.google.android.gms.internal.mlkit_vision_barcode_bundled.zzs zzat
com.google.android.gms.internal.mlkit_vision_barcode_bundled.zzs: com.google.android.gms.internal.mlkit_vision_barcode_bundled.zzs zzhP
kotlinx.coroutines.channels.BufferedChannel: java.lang.Object sendSegment
com.google.android.gms.internal.clearcut.zzgw$zza: com.google.android.gms.internal.clearcut.zzcn zzbiq
com.google.android.gms.internal.mlkit_vision_barcode.zzpj: com.google.android.gms.internal.mlkit_vision_barcode.zzpj zzH
com.google.android.gms.internal.vision.zzfi$zzf: com.google.android.gms.internal.vision.zzfi$zzf zzl
com.google.android.gms.internal.vision.zziv: com.google.android.gms.internal.vision.zziv zzp
com.google.android.gms.internal.mlkit_vision_barcode_bundled.zzho: com.google.android.gms.internal.mlkit_vision_barcode_bundled.zzho[] zzs
com.google.android.gms.internal.clearcut.zzge$zzs$zzb: com.google.android.gms.internal.clearcut.zzge$zzs$zzb zzbfq