android/app/build/outputs/mapping/release/usage.txt
com.example.yukaapp.R$drawable
com.example.yukaapp.R$mipmap
com.example.yukaapp.R$style
com.example.yukaapp.R
...
androidx.camera.core.ImageProcessingUtil$$InternalSyntheticLambda$10$9a6c4997da4ea35b2feb8d467e7e3509322fa20013b30bd7bf8d5d30becb5e16$0:
    public final synthetic androidx.camera.core.ImageProxy f$0
androidx.camera.core.ImageProcessingUtil$$InternalSyntheticLambda$10$f0087e3ffa0e1955d76ec349510c7d592a28721c514fee20f7c11f6ee72b3346$0:
    public final synthetic androidx.camera.core.ImageProxy f$0
androidx.camera.core.ImageProcessingUtil:
    public static androidx.camera.core.ImageProxy convertJpegBytesToImage(androidx.camera.core.SafeCloseImageReaderProxy,byte[])
    public static void copyBitmapToByteBuffer(android.graphics.Bitmap,java.nio.ByteBuffer,int)
    public static boolean isSupportedRotationDegrees(int)
androidx.camera.core.ImageProcessor$Request
androidx.camera.core.ImageProcessor$Response
androidx.camera.core.ImageProcessor
androidx.camera.core.ImageProxy:
    public abstract void setCropRect(android.graphics.Rect)
androidx.camera.core.ImageReaderProxyProvider:
    public abstract androidx.camera.core.impl.ImageReaderProxy newInstance()
androidx.camera.core.ImageReaderProxys
androidx.camera.core.ImmutableImageInfo
androidx.camera.core.Logger:
    static void <clinit>()
    public static void d(java.lang.String,java.lang.String,java.lang.Throwable)
    public static void i(java.lang.String,java.lang.String)
androidx.camera.core.MetadataImageReader:
    public static androidx.camera.core.impl.CameraCaptureCallback getCameraCaptureCallback()
    public static synthetic void lambda$enqueueImageProxy$1()
    public static synthetic void lambda$new$0()
    public static void resultIncoming()
androidx.camera.core.Preview$$InternalSyntheticLambda$5$6a5d2015aefd069e8427e1d46d7b5b3a3d7670f781d825e8fc07dd4ef9e51648$0
androidx.camera.core.Preview$$InternalSyntheticLambda$5$6a5d2015aefd069e8427e1d46d7b5b3a3d7670f781d825e8fc07dd4ef9e51648$1
androidx.camera.core.Preview$Builder:
    public final androidx.camera.core.Preview build()
    public final androidx.camera.core.impl.PreviewConfig getUseCaseConfig()
    public static androidx.camera.core.Preview$Builder setCaptureType()
    public static androidx.camera.core.Preview$Builder setResolutionSelector()
    public static androidx.camera.core.Preview$Builder setSurfaceOccupancyPriority()
    public static androidx.camera.core.Preview$Builder setTargetAspectRatio()
    public static androidx.camera.core.Preview$Builder setTargetClass()
    public final void setTargetName$1(java.lang.String)
androidx.camera.core.Preview$Defaults:
    public static final androidx.camera.core.resolutionselector.ResolutionSelector DEFAULT_RESOLUTION_SELECTOR
    public static androidx.camera.core.impl.PreviewConfig getConfig()
androidx.camera.core.Preview:
    public androidx.camera.core.processing.SurfaceProcessorNode mNode
    public static void addCameraSurfaceAndErrorListener()
    public static android.graphics.Rect getCropRect()
    public static int getTargetRotation()
    public static synthetic void lambda$addCameraSurfaceAndErrorListener$1()
    public static void lambda$createPipeline$0()
    public static void onAppEdgeInvalidated()
    public final void sendSurfaceRequest()
    public final void sendTransformationInfoIfReady()
    public static void setSurfaceProvider()
    public static boolean shouldMirror()
    public final void updateConfigAndOutput(java.lang.String,androidx.camera.core.impl.PreviewConfig,androidx.camera.core.impl.AutoValue_StreamSpec)
androidx.camera.core.ProcessingException
androidx.camera.core.ResolutionInfo$ResolutionInfoInternal$Builder
androidx.camera.core.ResolutionInfo$ResolutionInfoInternal
androidx.camera.core.ResolutionInfo:
    public static android.util.Size getResolution()